0 info it worked if it ends with ok
1 verbose cli [ 'C:\\Program Files\\nodejs\\node.exe',
1 verbose cli   'C:\\Users\\laird.streak\\AppData\\Roaming\\npm\\node_modules\\npm\\bin\\npm-cli.js',
1 verbose cli   'run',
1 verbose cli   'test' ]
2 info using npm@3.10.8
3 info using node@v4.5.0
4 verbose run-script [ 'pretest', 'test', 'posttest' ]
5 info lifecycle testing@1.0.0~pretest: testing@1.0.0
6 silly lifecycle testing@1.0.0~pretest: no script for pretest, continuing
7 info lifecycle testing@1.0.0~test: testing@1.0.0
8 verbose lifecycle testing@1.0.0~test: unsafe-perm in lifecycle true
9 verbose lifecycle testing@1.0.0~test: PATH: C:\Users\laird.streak\AppData\Roaming\npm\node_modules\npm\bin\node-gyp-bin;C:\dev\Testing\node_modules\.bin;C:\ProgramData\Oracle\Java\javapath;C:\Windows\system32;C:\Windows;C:\Windows\System32\Wbem;C:\Windows\System32\WindowsPowerShell\v1.0\;C:\Program Files (x86)\NVIDIA Corporation\PhysX\Common;C:\Program Files (x86)\Skype\Phone\;C:\Program Files\Google\Google Apps Sync\;C:\Program Files\Google\Google Apps Migration\;C:\ProgramData\chocolatey\bin;C:\Program Files\Microsoft SQL Server\130\Tools\Binn\;C:\Program Files\TortoiseHg\;C:\Program Files\Microsoft SQL Server\Client SDK\ODBC\130\Tools\Binn\;C:\Program Files (x86)\Microsoft SQL Server\130\Tools\Binn\;C:\Program Files\Microsoft SQL Server\130\DTS\Binn\;C:\Program Files (x86)\Microsoft SQL Server\Client SDK\ODBC\130\Tools\Binn\;C:\Program Files (x86)\Microsoft SQL Server\130\DTS\Binn\;C:\Program Files (x86)\Microsoft SQL Server\130\Tools\Binn\ManagementStudio\;C:\Program Files\Microsoft SQL Server\120\Tools\Binn\;C:\Program Files\Microsoft SQL Server\Client SDK\ODBC\110\Tools\Binn\;C:\Program Files (x86)\Microsoft SQL Server\120\Tools\Binn\;C:\Program Files\Microsoft SQL Server\120\DTS\Binn\;C:\Program Files (x86)\Microsoft SQL Server\120\Tools\Binn\ManagementStudio\;C:\Program Files (x86)\Microsoft SQL Server\120\DTS\Binn\;C:\Program Files (x86)\Windows Kits\10\Windows Performance Toolkit\;C:\Program Files (x86)\Windows Kits\8.1\Windows Performance Toolkit\;C:\Program Files\nodejs\;C:\Program Files\dotnet\;C:\Program Files\TortoiseGit\bin;C:\Users\laird.streak\AppData\ChromeDriver\;C:\Program Files\Git\cmd;C:\Program Files\Git\mingw64\bin;C:\Program Files\Git\usr\bin;C:\Program Files\FileBot\;C:\Program Files\Microsoft\Web Platform Installer\;C:\Users\laird.streak\AppData\Local\Microsoft\WindowsApps;C:\Program Files (x86)\Microsoft VS Code\bin;C:\Users\laird.streak\AppData\Local\atom\bin;C:\Users\laird.streak\AppData\Roaming\npm
10 verbose lifecycle testing@1.0.0~test: CWD: C:\dev\Testing
11 silly lifecycle testing@1.0.0~test: Args: [ '/d /s /c', 'node test.js' ]
12 silly lifecycle testing@1.0.0~test: Returned: code: 1  signal: null
13 info lifecycle testing@1.0.0~test: Failed to exec test script
14 verbose stack Error: testing@1.0.0 test: `node test.js`
14 verbose stack Exit status 1
14 verbose stack     at EventEmitter.<anonymous> (C:\Users\laird.streak\AppData\Roaming\npm\node_modules\npm\lib\utils\lifecycle.js:255:16)
14 verbose stack     at emitTwo (events.js:87:13)
14 verbose stack     at EventEmitter.emit (events.js:172:7)
14 verbose stack     at ChildProcess.<anonymous> (C:\Users\laird.streak\AppData\Roaming\npm\node_modules\npm\lib\utils\spawn.js:40:14)
14 verbose stack     at emitTwo (events.js:87:13)
14 verbose stack     at ChildProcess.emit (events.js:172:7)
14 verbose stack     at maybeClose (internal/child_process.js:829:16)
14 verbose stack     at Process.ChildProcess._handle.onexit (internal/child_process.js:211:5)
15 verbose pkgid testing@1.0.0
16 verbose cwd C:\dev\Testing
17 error Windows_NT 10.0.14393
18 error argv "C:\\Program Files\\nodejs\\node.exe" "C:\\Users\\laird.streak\\AppData\\Roaming\\npm\\node_modules\\npm\\bin\\npm-cli.js" "run" "test"
19 error node v4.5.0
20 error npm  v3.10.8
21 error code ELIFECYCLE
22 error testing@1.0.0 test: `node test.js`
22 error Exit status 1
23 error Failed at the testing@1.0.0 test script 'node test.js'.
23 error Make sure you have the latest version of node.js and npm installed.
23 error If you do, this is most likely a problem with the testing package,
23 error not with npm itself.
23 error Tell the author that this fails on your system:
23 error     node test.js
23 error You can get information on how to open an issue for this project with:
23 error     npm bugs testing
23 error Or if that isn't available, you can get their info via:
23 error     npm owner ls testing
23 error There is likely additional logging output above.
24 verbose exit [ 1, true ]
